0 info it worked if it ends with ok
1 verbose cli [ '/usr/bin/node', '/usr/bin/npm', 'run', 'build' ]
2 info using npm@4.0.5
3 info using node@v7.3.0
4 verbose run-script [ 'prebuild', 'build', 'postbuild' ]
5 info lifecycle personalwebsite@1.0.0~prebuild: personalwebsite@1.0.0
6 silly lifecycle personalwebsite@1.0.0~prebuild: no script for prebuild, continuing
7 info lifecycle personalwebsite@1.0.0~build: personalwebsite@1.0.0
8 verbose lifecycle personalwebsite@1.0.0~build: unsafe-perm in lifecycle true
9 verbose lifecycle personalwebsite@1.0.0~build: PATH: /usr/lib/node_modules/npm/bin/node-gyp-bin:/home/aaron/Projects/misc/personal-website-full/node_modules/.bin:/home/aaron/.bin:/usr/local/sbin:/usr/local/bin:/usr/bin:/usr/lib/jvm/default/bin:/usr/bin/site_perl:/usr/bin/vendor_perl:/usr/bin/core_perl
10 verbose lifecycle personalwebsite@1.0.0~build: CWD: /home/aaron/Projects/misc/personal-website-full
11 silly lifecycle personalwebsite@1.0.0~build: Args: [ '-c', '/node_modules/.bin/webpack' ]
12 info lifecycle personalwebsite@1.0.0~build: Failed to exec build script
13 verbose stack Error: personalwebsite@1.0.0 build: `/node_modules/.bin/webpack`
13 verbose stack spawn ENOENT
13 verbose stack     at ChildProcess.<anonymous> (/usr/lib/node_modules/npm/lib/utils/spawn.js:33:16)
13 verbose stack     at emitTwo (events.js:106:13)
13 verbose stack     at ChildProcess.emit (events.js:191:7)
13 verbose stack     at maybeClose (internal/child_process.js:885:16)
13 verbose stack     at Process.ChildProcess._handle.onexit (internal/child_process.js:226:5)
14 verbose pkgid personalwebsite@1.0.0
15 verbose cwd /home/aaron/Projects/misc/personal-website-full
16 error Linux 4.8.13-1-ARCH
17 error argv "/usr/bin/node" "/usr/bin/npm" "run" "build"
18 error node v7.3.0
19 error npm  v4.0.5
20 error file sh
21 error code ELIFECYCLE
22 error errno ENOENT
23 error syscall spawn
24 error personalwebsite@1.0.0 build: `/node_modules/.bin/webpack`
24 error spawn ENOENT
25 error Failed at the personalwebsite@1.0.0 build script '/node_modules/.bin/webpack'.
25 error Make sure you have the latest version of node.js and npm installed.
25 error If you do, this is most likely a problem with the personalwebsite package,
25 error not with npm itself.
25 error Tell the author that this fails on your system:
25 error     /node_modules/.bin/webpack
25 error You can get information on how to open an issue for this project with:
25 error     npm bugs personalwebsite
25 error Or if that isn't available, you can get their info via:
25 error     npm owner ls personalwebsite
25 error There is likely additional logging output above.
26 verbose exit [ 1, true ]
